<?xml version="1.0" encoding="UTF-8"?>
<!-- Generated by org.testng.reporters.JUnitReportReporter -->
<testsuite hostname="RSTPL071-PC" failures="0" tests="1" name="testcases.Login" time="11.924" errors="0" timestamp="23 Aug 2022 16:31:46 GMT" skipped="0">
  <testcase classname="testcases.Login" name="loginApplication" time="11.924"/>
</testsuite> <!-- testcases.Login -->
