<?xml version="1.0" encoding="UTF-8"?>
<!-- Generated by org.testng.reporters.JUnitReportReporter -->
<testsuite hostname="RSTPL071-PC" failures="0" tests="1" name="login.LoginTest" time="2.828" errors="0" timestamp="12 Aug 2022 16:52:53 GMT" skipped="0">
  <testcase classname="login.LoginTest" name="loadURL" time="2.828"/>
</testsuite> <!-- login.LoginTest -->
