<?xml version="1.0" encoding="UTF-8"?>
<!-- Generated by org.testng.reporters.JUnitReportReporter -->
<testsuite hostname="RSTPL071-PC" failures="0" tests="1" name="testcases.Login" time="11.903" errors="0" timestamp="23 Aug 2022 15:14:22 GMT" skipped="0">
  <testcase classname="testcases.Login" name="loginApplication" time="11.903"/>
</testsuite> <!-- testcases.Login -->
